<?xml version="1.0" encoding="UTF-8"?>
<!-- Generated by org.testng.reporters.JUnitReportReporter -->
<testsuite hostname="INBANGNBDELL16" failures="0" tests="1" name="selenium.Selenium1" time="7.356" errors="0" timestamp="2022-09-07T16:16:45 IST" skipped="0">
  <testcase classname="selenium.Selenium1" name="testCountry" time="7.356"/>
  <system-out/>
</testsuite> <!-- selenium.Selenium1 -->
